f:\programmer\lua-5.1.4\visualstudio\lua51\lua51\debug\lua51.pch
f:\programmer\lua-5.1.4\visualstudio\lua51\lua51\debug\vc120.pdb
f:\programmer\lua-5.1.4\visualstudio\lua51\lua51\debug\vc120.idb
f:\programmer\lua-5.1.4\visualstudio\lua51\lua51\debug\stdafx.obj
f:\programmer\lua-5.1.4\visualstudio\lua51\lua51\debug\liolib.obj
f:\programmer\lua-5.1.4\visualstudio\lua51\lua51\debug\llex.obj
f:\programmer\lua-5.1.4\visualstudio\lua51\lua51\debug\lmathlib.obj
f:\programmer\lua-5.1.4\visualstudio\lua51\lua51\debug\lmem.obj
f:\programmer\lua-5.1.4\visualstudio\lua51\lua51\debug\loadlib.obj
f:\programmer\lua-5.1.4\visualstudio\lua51\lua51\debug\lobject.obj
f:\programmer\lua-5.1.4\visualstudio\lua51\lua51\debug\lopcodes.obj
f:\programmer\lua-5.1.4\visualstudio\lua51\lua51\debug\loslib.obj
f:\programmer\lua-5.1.4\visualstudio\lua51\lua51\debug\lparser.obj
f:\programmer\lua-5.1.4\visualstudio\lua51\lua51\debug\lstate.obj
f:\programmer\lua-5.1.4\visualstudio\lua51\lua51\debug\lstring.obj
f:\programmer\lua-5.1.4\visualstudio\lua51\lua51\debug\lstrlib.obj
f:\programmer\lua-5.1.4\visualstudio\lua51\lua51\debug\ltable.obj
f:\programmer\lua-5.1.4\visualstudio\lua51\lua51\debug\ltablib.obj
f:\programmer\lua-5.1.4\visualstudio\lua51\lua51\debug\ltm.obj
f:\programmer\lua-5.1.4\visualstudio\lua51\lua51\debug\lua.obj
f:\programmer\lua-5.1.4\visualstudio\lua51\lua51\debug\lundump.obj
f:\programmer\lua-5.1.4\visualstudio\lua51\lua51\debug\lvm.obj
f:\programmer\lua-5.1.4\visualstudio\lua51\lua51\debug\lzio.obj
f:\programmer\lua-5.1.4\visualstudio\lua51\lua51\debug\print.obj
f:\programmer\lua-5.1.4\visualstudio\lua51\lua51\debug\lapi.obj
f:\programmer\lua-5.1.4\visualstudio\lua51\lua51\debug\lauxlib.obj
f:\programmer\lua-5.1.4\visualstudio\lua51\lua51\debug\lbaselib.obj
f:\programmer\lua-5.1.4\visualstudio\lua51\lua51\debug\lcode.obj
f:\programmer\lua-5.1.4\visualstudio\lua51\lua51\debug\ldblib.obj
f:\programmer\lua-5.1.4\visualstudio\lua51\lua51\debug\ldebug.obj
f:\programmer\lua-5.1.4\visualstudio\lua51\lua51\debug\ldo.obj
f:\programmer\lua-5.1.4\visualstudio\lua51\lua51\debug\ldump.obj
f:\programmer\lua-5.1.4\visualstudio\lua51\lua51\debug\lfunc.obj
f:\programmer\lua-5.1.4\visualstudio\lua51\lua51\debug\lgc.obj
f:\programmer\lua-5.1.4\visualstudio\lua51\lua51\debug\linit.obj
f:\programmer\lua-5.1.4\visualstudio\lua51\debug\lua51.lib
f:\programmer\lua-5.1.4\visualstudio\lua51\debug\lua51.ilk
f:\programmer\lua-5.1.4\visualstudio\lua51\debug\lua51.exe
f:\programmer\lua-5.1.4\visualstudio\lua51\debug\lua51.pdb
f:\programmer\lua-5.1.4\visualstudio\lua51\debug\lua51.exp
f:\github\lua\lua-5.1.4\visualstudio\lua51\lua51\debug\lapi.obj
f:\github\lua\lua-5.1.4\visualstudio\lua51\lua51\debug\lauxlib.obj
f:\github\lua\lua-5.1.4\visualstudio\lua51\lua51\debug\lbaselib.obj
f:\github\lua\lua-5.1.4\visualstudio\lua51\lua51\debug\lcode.obj
f:\github\lua\lua-5.1.4\visualstudio\lua51\lua51\debug\ldblib.obj
f:\github\lua\lua-5.1.4\visualstudio\lua51\lua51\debug\ldebug.obj
f:\github\lua\lua-5.1.4\visualstudio\lua51\lua51\debug\ldo.obj
f:\github\lua\lua-5.1.4\visualstudio\lua51\lua51\debug\ldump.obj
f:\github\lua\lua-5.1.4\visualstudio\lua51\lua51\debug\lfunc.obj
f:\github\lua\lua-5.1.4\visualstudio\lua51\lua51\debug\lgc.obj
f:\github\lua\lua-5.1.4\visualstudio\lua51\lua51\debug\linit.obj
f:\github\lua\lua-5.1.4\visualstudio\lua51\lua51\debug\liolib.obj
f:\github\lua\lua-5.1.4\visualstudio\lua51\lua51\debug\llex.obj
f:\github\lua\lua-5.1.4\visualstudio\lua51\lua51\debug\lmathlib.obj
f:\github\lua\lua-5.1.4\visualstudio\lua51\lua51\debug\lmem.obj
f:\github\lua\lua-5.1.4\visualstudio\lua51\lua51\debug\loadlib.obj
f:\github\lua\lua-5.1.4\visualstudio\lua51\lua51\debug\lobject.obj
f:\github\lua\lua-5.1.4\visualstudio\lua51\lua51\debug\lopcodes.obj
f:\github\lua\lua-5.1.4\visualstudio\lua51\lua51\debug\loslib.obj
f:\github\lua\lua-5.1.4\visualstudio\lua51\lua51\debug\lparser.obj
f:\github\lua\lua-5.1.4\visualstudio\lua51\lua51\debug\lstate.obj
f:\github\lua\lua-5.1.4\visualstudio\lua51\lua51\debug\lstring.obj
f:\github\lua\lua-5.1.4\visualstudio\lua51\lua51\debug\lstrlib.obj
f:\github\lua\lua-5.1.4\visualstudio\lua51\lua51\debug\ltable.obj
f:\github\lua\lua-5.1.4\visualstudio\lua51\lua51\debug\ltablib.obj
f:\github\lua\lua-5.1.4\visualstudio\lua51\lua51\debug\ltm.obj
f:\github\lua\lua-5.1.4\visualstudio\lua51\lua51\debug\lua.obj
f:\github\lua\lua-5.1.4\visualstudio\lua51\lua51\debug\lundump.obj
f:\github\lua\lua-5.1.4\visualstudio\lua51\lua51\debug\lvm.obj
f:\github\lua\lua-5.1.4\visualstudio\lua51\lua51\debug\lzio.obj
f:\github\lua\lua-5.1.4\visualstudio\lua51\lua51\debug\print.obj
f:\github\lua\lua-5.1.4\visualstudio\lua51\lua51\debug\stdafx.obj
f:\github\lua\lua-5.1.4\visualstudio\lua51\lua51\debug\lua51.pch
f:\github\lua\lua-5.1.4\visualstudio\lua51\lua51\debug\vc120.idb
f:\github\lua\lua-5.1.4\visualstudio\lua51\lua51\debug\vc120.pdb
f:\github\lua\lua-5.1.4\visualstudio\lua51\debug\lua51.pdb
f:\github\lua\lua-5.1.4\visualstudio\lua51\debug\lua51.exe
f:\github\lua\lua-5.1.4\visualstudio\lua51\debug\lua51.ilk
f:\github\lua\lua-5.1.4\visualstudio\lua51\lua51\debug\lua51.tlog\cl.command.1.tlog
f:\github\lua\lua-5.1.4\visualstudio\lua51\lua51\debug\lua51.tlog\cl.read.1.tlog
f:\github\lua\lua-5.1.4\visualstudio\lua51\lua51\debug\lua51.tlog\cl.write.1.tlog
f:\github\lua\lua-5.1.4\visualstudio\lua51\lua51\debug\lua51.tlog\lib-link.read.1.tlog
f:\github\lua\lua-5.1.4\visualstudio\lua51\lua51\debug\lua51.tlog\lib-link.write.1.tlog
f:\github\lua\lua-5.1.4\visualstudio\lua51\lua51\debug\lua51.tlog\lib.command.1.tlog
f:\github\lua\lua-5.1.4\visualstudio\lua51\lua51\debug\lua51.tlog\link.command.1.tlog
f:\github\lua\lua-5.1.4\visualstudio\lua51\lua51\debug\lua51.tlog\link.read.1.tlog
f:\github\lua\lua-5.1.4\visualstudio\lua51\lua51\debug\lua51.tlog\link.write.1.tlog
f:\github\lua\lua-5.1.4\visualstudio\lua51\lua51\debug\lua51.tlog\lua51.write.1u.tlog
