f:\programmer\lua-5.1.4\visualstudio\lua51\lua51\release\lua51.pch
f:\programmer\lua-5.1.4\visualstudio\lua51\lua51\release\stdafx.obj
f:\programmer\lua-5.1.4\visualstudio\lua51\lua51\release\lparser.obj
f:\programmer\lua-5.1.4\visualstudio\lua51\lua51\release\loslib.obj
f:\programmer\lua-5.1.4\visualstudio\lua51\lua51\release\lopcodes.obj
f:\programmer\lua-5.1.4\visualstudio\lua51\lua51\release\lobject.obj
f:\programmer\lua-5.1.4\visualstudio\lua51\lua51\release\loadlib.obj
f:\programmer\lua-5.1.4\visualstudio\lua51\lua51\release\lmem.obj
f:\programmer\lua-5.1.4\visualstudio\lua51\lua51\release\lmathlib.obj
f:\programmer\lua-5.1.4\visualstudio\lua51\lua51\release\llex.obj
f:\programmer\lua-5.1.4\visualstudio\lua51\lua51\release\liolib.obj
f:\programmer\lua-5.1.4\visualstudio\lua51\lua51\release\linit.obj
f:\programmer\lua-5.1.4\visualstudio\lua51\lua51\release\lgc.obj
f:\programmer\lua-5.1.4\visualstudio\lua51\lua51\release\lfunc.obj
f:\programmer\lua-5.1.4\visualstudio\lua51\lua51\release\ldump.obj
f:\programmer\lua-5.1.4\visualstudio\lua51\lua51\release\ldo.obj
f:\programmer\lua-5.1.4\visualstudio\lua51\lua51\release\ldebug.obj
f:\programmer\lua-5.1.4\visualstudio\lua51\lua51\release\ldblib.obj
f:\programmer\lua-5.1.4\visualstudio\lua51\lua51\release\lcode.obj
f:\programmer\lua-5.1.4\visualstudio\lua51\lua51\release\lbaselib.obj
f:\programmer\lua-5.1.4\visualstudio\lua51\lua51\release\lauxlib.obj
f:\programmer\lua-5.1.4\visualstudio\lua51\lua51\release\lapi.obj
f:\programmer\lua-5.1.4\visualstudio\lua51\lua51\release\print.obj
f:\programmer\lua-5.1.4\visualstudio\lua51\lua51\release\lzio.obj
f:\programmer\lua-5.1.4\visualstudio\lua51\lua51\release\lvm.obj
f:\programmer\lua-5.1.4\visualstudio\lua51\lua51\release\lundump.obj
f:\programmer\lua-5.1.4\visualstudio\lua51\lua51\release\lua.obj
f:\programmer\lua-5.1.4\visualstudio\lua51\lua51\release\ltm.obj
f:\programmer\lua-5.1.4\visualstudio\lua51\lua51\release\ltablib.obj
f:\programmer\lua-5.1.4\visualstudio\lua51\lua51\release\ltable.obj
f:\programmer\lua-5.1.4\visualstudio\lua51\lua51\release\lstrlib.obj
f:\programmer\lua-5.1.4\visualstudio\lua51\lua51\release\lstring.obj
f:\programmer\lua-5.1.4\visualstudio\lua51\lua51\release\lstate.obj
f:\programmer\lua-5.1.4\visualstudio\lua51\release\lua51.lib
f:\programmer\lua-5.1.4\visualstudio\lua51\release\lua51.exe
f:\programmer\lua-5.1.4\visualstudio\lua51\release\lua51.pdb
f:\github\lua\lua-5.1.4\visualstudio\lua51\lua51\release\lapi.obj
f:\github\lua\lua-5.1.4\visualstudio\lua51\lua51\release\lauxlib.obj
f:\github\lua\lua-5.1.4\visualstudio\lua51\lua51\release\lbaselib.obj
f:\github\lua\lua-5.1.4\visualstudio\lua51\lua51\release\lcode.obj
f:\github\lua\lua-5.1.4\visualstudio\lua51\lua51\release\ldblib.obj
f:\github\lua\lua-5.1.4\visualstudio\lua51\lua51\release\ldebug.obj
f:\github\lua\lua-5.1.4\visualstudio\lua51\lua51\release\ldo.obj
f:\github\lua\lua-5.1.4\visualstudio\lua51\lua51\release\ldump.obj
f:\github\lua\lua-5.1.4\visualstudio\lua51\lua51\release\lfunc.obj
f:\github\lua\lua-5.1.4\visualstudio\lua51\lua51\release\lgc.obj
f:\github\lua\lua-5.1.4\visualstudio\lua51\lua51\release\linit.obj
f:\github\lua\lua-5.1.4\visualstudio\lua51\lua51\release\liolib.obj
f:\github\lua\lua-5.1.4\visualstudio\lua51\lua51\release\llex.obj
f:\github\lua\lua-5.1.4\visualstudio\lua51\lua51\release\lmathlib.obj
f:\github\lua\lua-5.1.4\visualstudio\lua51\lua51\release\lmem.obj
f:\github\lua\lua-5.1.4\visualstudio\lua51\lua51\release\loadlib.obj
f:\github\lua\lua-5.1.4\visualstudio\lua51\lua51\release\lobject.obj
f:\github\lua\lua-5.1.4\visualstudio\lua51\lua51\release\lopcodes.obj
f:\github\lua\lua-5.1.4\visualstudio\lua51\lua51\release\loslib.obj
f:\github\lua\lua-5.1.4\visualstudio\lua51\lua51\release\lparser.obj
f:\github\lua\lua-5.1.4\visualstudio\lua51\lua51\release\lstate.obj
f:\github\lua\lua-5.1.4\visualstudio\lua51\lua51\release\lstring.obj
f:\github\lua\lua-5.1.4\visualstudio\lua51\lua51\release\lstrlib.obj
f:\github\lua\lua-5.1.4\visualstudio\lua51\lua51\release\ltable.obj
f:\github\lua\lua-5.1.4\visualstudio\lua51\lua51\release\ltablib.obj
f:\github\lua\lua-5.1.4\visualstudio\lua51\lua51\release\ltm.obj
f:\github\lua\lua-5.1.4\visualstudio\lua51\lua51\release\lua.obj
f:\github\lua\lua-5.1.4\visualstudio\lua51\lua51\release\lundump.obj
f:\github\lua\lua-5.1.4\visualstudio\lua51\lua51\release\lvm.obj
f:\github\lua\lua-5.1.4\visualstudio\lua51\lua51\release\lzio.obj
f:\github\lua\lua-5.1.4\visualstudio\lua51\lua51\release\print.obj
f:\github\lua\lua-5.1.4\visualstudio\lua51\lua51\release\stdafx.obj
f:\github\lua\lua-5.1.4\visualstudio\lua51\lua51\release\lua51.pch
f:\github\lua\lua-5.1.4\visualstudio\lua51\lua51\release\vc120.pdb
f:\github\lua\lua-5.1.4\visualstudio\lua51\release\lua51.pdb
f:\github\lua\lua-5.1.4\visualstudio\lua51\release\lua51.lib
f:\github\lua\lua-5.1.4\visualstudio\lua51\lua51\release\lua51.tlog\cl.command.1.tlog
f:\github\lua\lua-5.1.4\visualstudio\lua51\lua51\release\lua51.tlog\cl.read.1.tlog
f:\github\lua\lua-5.1.4\visualstudio\lua51\lua51\release\lua51.tlog\cl.write.1.tlog
f:\github\lua\lua-5.1.4\visualstudio\lua51\lua51\release\lua51.tlog\lib-link.read.1.tlog
f:\github\lua\lua-5.1.4\visualstudio\lua51\lua51\release\lua51.tlog\lib-link.write.1.tlog
f:\github\lua\lua-5.1.4\visualstudio\lua51\lua51\release\lua51.tlog\lib.command.1.tlog
f:\github\lua\lua-5.1.4\visualstudio\lua51\lua51\release\lua51.tlog\link.command.1.tlog
f:\github\lua\lua-5.1.4\visualstudio\lua51\lua51\release\lua51.tlog\link.read.1.tlog
f:\github\lua\lua-5.1.4\visualstudio\lua51\lua51\release\lua51.tlog\link.write.1.tlog
f:\github\lua\lua-5.1.4\visualstudio\lua51\lua51\release\lua51.tlog\lua51.write.1u.tlog
